Started GET "/" for 127.0.0.1 at 2020-04-27 04:58:22 +0300
Processing by GithubController#index as HTML
  Rendering github/index.html.erb within layouts/application
  Rendered github/index.html.erb within layouts/application (Duration: 14.0ms | Allocations: 296)
[Webpacker] Compiling...
[Webpacker] Compiled all packs in /home/kirill/workspace/githubfinder/public/packs
[Webpacker] Hash: a18cddf1ad729026e506
Version: webpack 4.43.0
Time: 14255ms
Built at: 2020-04-27 04:58:49
                                     Asset       Size       Chunks                         Chunk Names
    js/application-0ac71d79a9cfb06b89c2.js   87.9 KiB  application  [emitted] [immutable]  application
js/application-0ac71d79a9cfb06b89c2.js.map   97.1 KiB  application  [emitted] [dev]        application
                             manifest.json  364 bytes               [emitted]              
Entrypoint application = js/application-0ac71d79a9cfb06b89c2.js js/application-0ac71d79a9cfb06b89c2.js.map
[./app/javascript/packs/application.js] 685 bytes {application} [built]
[./node_modules/webpack/buildin/module.js] (webpack)/buildin/module.js 552 bytes {application} [built]
    + 2 hidden modules

Completed 200 OK in 26313ms (Views: 26264.6ms | Allocations: 17780)


Started GET "/" for 127.0.0.1 at 2020-04-27 05:07:13 +0300
Processing by GithubController#index as HTML
  Rendering github/index.html.erb within layouts/application
  Rendered github/index.html.erb within layouts/application (Duration: 2.4ms | Allocations: 184)
[Webpacker] Compiling...
[Webpacker] Compiled all packs in /home/kirill/workspace/githubfinder/public/packs
[Webpacker] Hash: a18cddf1ad729026e506
Version: webpack 4.43.0
Time: 6288ms
Built at: 2020-04-27 05:07:28
                                     Asset       Size       Chunks                         Chunk Names
    js/application-0ac71d79a9cfb06b89c2.js   87.9 KiB  application  [emitted] [immutable]  application
js/application-0ac71d79a9cfb06b89c2.js.map   97.1 KiB  application  [emitted] [dev]        application
                             manifest.json  364 bytes               [emitted]              
Entrypoint application = js/application-0ac71d79a9cfb06b89c2.js js/application-0ac71d79a9cfb06b89c2.js.map
[./app/javascript/packs/application.js] 685 bytes {application} [built]
[./node_modules/webpack/buildin/module.js] (webpack)/buildin/module.js 552 bytes {application} [built]
    + 2 hidden modules

Completed 200 OK in 15658ms (Views: 15628.9ms | Allocations: 7640)


Started GET "/" for 127.0.0.1 at 2020-04-27 05:09:50 +0300
Processing by GithubController#index as HTML
  Rendering github/index.html.erb within layouts/application
  Rendered github/index.html.erb within layouts/application (Duration: 8.1ms | Allocations: 184)
[Webpacker] Compiling...
[Webpacker] Compilation failed:
Hash: e6d9bf42a1aafa046bc1
Version: webpack 4.43.0
Time: 16747ms
Built at: 2020-04-27 05:10:16
                                     Asset       Size       Chunks                         Chunk Names
    js/application-7691d14a9de68d81972c.js    221 KiB  application  [emitted] [immutable]  application
js/application-7691d14a9de68d81972c.js.map    256 KiB  application  [emitted] [dev]        application
                             manifest.json  364 bytes               [emitted]              
Entrypoint application = js/application-7691d14a9de68d81972c.js js/application-7691d14a9de68d81972c.js.map
[./app/javascript/packs/application.js] 728 bytes {application} [built]
[./node_modules/webpack/buildin/module.js] (webpack)/buildin/module.js 552 bytes {application} [built]
    + 3 hidden modules

ERROR in ./app/javascript/packs/application.js
Module not found: Error: Can't resolve 'jquery' in '/home/kirill/workspace/githubfinder/app/javascript/packs'
 @ ./app/javascript/packs/application.js 9:0-17

ERROR in ./node_modules/bootstrap/dist/js/bootstrap.js
Module not found: Error: Can't resolve 'jquery' in '/home/kirill/workspace/githubfinder/node_modules/bootstrap/dist/js'
 @ ./node_modules/bootstrap/dist/js/bootstrap.js 9:133-150 9:221-272
 @ ./app/javascript/packs/application.js

ERROR in ./node_modules/bootstrap/dist/js/bootstrap.js
Module not found: Error: Can't resolve 'popper.js' in '/home/kirill/workspace/githubfinder/node_modules/bootstrap/dist/js'
 @ ./node_modules/bootstrap/dist/js/bootstrap.js 9:152-172 9:221-272
 @ ./app/javascript/packs/application.js

Completed 200 OK in 25949ms (Views: 25898.7ms | Allocations: 7572)


Started GET "/" for 127.0.0.1 at 2020-04-27 05:10:52 +0300
Processing by GithubController#index as HTML
  Rendering github/index.html.erb within layouts/application
  Rendered github/index.html.erb within layouts/application (Duration: 0.1ms | Allocations: 5)
[Webpacker] Everything's up-to-date. Nothing to do
Completed 200 OK in 45ms (Views: 43.2ms | Allocations: 3183)


Started GET "/" for 127.0.0.1 at 2020-04-27 05:12:29 +0300
Processing by GithubController#index as HTML
  Rendering github/index.html.erb within layouts/application
  Rendered github/index.html.erb within layouts/application (Duration: 1.9ms | Allocations: 184)
[Webpacker] Compiling...
[Webpacker] Compilation failed:
Hash: bd4b4ec0d68cc966065b
Version: webpack 4.43.0
Time: 4246ms
Built at: 2020-04-27 05:12:39
                                     Asset       Size       Chunks                         Chunk Names
    js/application-e22535353d3331f184d5.js    221 KiB  application  [emitted] [immutable]  application
js/application-e22535353d3331f184d5.js.map    256 KiB  application  [emitted] [dev]        application
                             manifest.json  364 bytes               [emitted]              
Entrypoint application = js/application-e22535353d3331f184d5.js js/application-e22535353d3331f184d5.js.map
[./app/javascript/packs/application.js] 744 bytes {application} [built]
[./node_modules/webpack/buildin/module.js] (webpack)/buildin/module.js 552 bytes {application} [built]
    + 3 hidden modules

ERROR in ./app/javascript/packs/application.js
Module not found: Error: Can't resolve 'jquery' in '/home/kirill/workspace/githubfinder/app/javascript/packs'
 @ ./app/javascript/packs/application.js 9:0-17

ERROR in ./node_modules/bootstrap/dist/js/bootstrap.js
Module not found: Error: Can't resolve 'jquery' in '/home/kirill/workspace/githubfinder/node_modules/bootstrap/dist/js'
 @ ./node_modules/bootstrap/dist/js/bootstrap.js 9:133-150 9:221-272
 @ ./app/javascript/packs/application.js

ERROR in ./node_modules/bootstrap/dist/js/bootstrap.js
Module not found: Error: Can't resolve 'popper.js' in '/home/kirill/workspace/githubfinder/node_modules/bootstrap/dist/js'
 @ ./node_modules/bootstrap/dist/js/bootstrap.js 9:152-172 9:221-272
 @ ./app/javascript/packs/application.js

Completed 200 OK in 10364ms (Views: 10351.6ms | Allocations: 13879)


Started GET "/" for 127.0.0.1 at 2020-04-27 05:12:46 +0300
Processing by GithubController#index as HTML
  Rendering github/index.html.erb within layouts/application
  Rendered github/index.html.erb within layouts/application (Duration: 0.2ms | Allocations: 5)
[Webpacker] Everything's up-to-date. Nothing to do
Completed 200 OK in 15ms (Views: 13.3ms | Allocations: 3169)


Started GET "/" for 127.0.0.1 at 2020-04-27 05:13:12 +0300
Processing by GithubController#index as HTML
  Rendering github/index.html.erb within layouts/application
  Rendered github/index.html.erb within layouts/application (Duration: 0.1ms | Allocations: 5)
[Webpacker] Compiling...
[Webpacker] Compilation failed:
Hash: e6d9bf42a1aafa046bc1
Version: webpack 4.43.0
Time: 6100ms
Built at: 2020-04-27 05:13:25
                                     Asset       Size       Chunks                         Chunk Names
    js/application-7691d14a9de68d81972c.js    221 KiB  application  [emitted] [immutable]  application
js/application-7691d14a9de68d81972c.js.map    256 KiB  application  [emitted] [dev]        application
                             manifest.json  364 bytes               [emitted]              
Entrypoint application = js/application-7691d14a9de68d81972c.js js/application-7691d14a9de68d81972c.js.map
[./app/javascript/packs/application.js] 728 bytes {application} [built]
[./node_modules/webpack/buildin/module.js] (webpack)/buildin/module.js 552 bytes {application} [built]
    + 3 hidden modules

ERROR in ./app/javascript/packs/application.js
Module not found: Error: Can't resolve 'jquery' in '/home/kirill/workspace/githubfinder/app/javascript/packs'
 @ ./app/javascript/packs/application.js 9:0-17

ERROR in ./node_modules/bootstrap/dist/js/bootstrap.js
Module not found: Error: Can't resolve 'jquery' in '/home/kirill/workspace/githubfinder/node_modules/bootstrap/dist/js'
 @ ./node_modules/bootstrap/dist/js/bootstrap.js 9:133-150 9:221-272
 @ ./app/javascript/packs/application.js

ERROR in ./node_modules/bootstrap/dist/js/bootstrap.js
Module not found: Error: Can't resolve 'popper.js' in '/home/kirill/workspace/githubfinder/node_modules/bootstrap/dist/js'
 @ ./node_modules/bootstrap/dist/js/bootstrap.js 9:152-172 9:221-272
 @ ./app/javascript/packs/application.js

Completed 200 OK in 13440ms (Views: 13436.7ms | Allocations: 8774)


Started GET "/" for 127.0.0.1 at 2020-04-27 05:18:20 +0300
Processing by GithubController#index as HTML
  Rendering github/index.html.erb within layouts/application
  Rendered github/index.html.erb within layouts/application (Duration: 17.6ms | Allocations: 184)
[Webpacker] Compiling...
[Webpacker] Compilation failed:
Hash: c13e1131814f0da9f473
Version: webpack 4.43.0
Time: 13812ms
Built at: 2020-04-27 05:18:43
                                     Asset       Size       Chunks                         Chunk Names
    js/application-f7a6846ad74be5c918a2.js    894 KiB  application  [emitted] [immutable]  application
js/application-f7a6846ad74be5c918a2.js.map    953 KiB  application  [emitted] [dev]        application
                             manifest.json  364 bytes               [emitted]              
Entrypoint application = js/application-f7a6846ad74be5c918a2.js js/application-f7a6846ad74be5c918a2.js.map
[./app/javascript/packs/application.js] 767 bytes {application} [built]
[./app/javascript/stylesheets/main.scss] 657 bytes {application} [built]
[./node_modules/css-loader/dist/cjs.js?!./node_modules/postcss-loader/src/index.js?!./node_modules/sass-loader/dist/cjs.js?!./app/javascript/stylesheets/main.scss] ./node_modules/css-loader/dist/cjs.js??ref--7-1!./node_modules/postcss-loader/src??ref--7-2!./node_modules/sass-loader/dist/cjs.js??ref--7-3!./app/javascript/stylesheets/main.scss 661 KiB {application} [built]
[./node_modules/webpack/buildin/module.js] (webpack)/buildin/module.js 552 bytes {application} [built]
    + 5 hidden modules

ERROR in ./app/javascript/packs/application.js
Module not found: Error: Can't resolve 'jquery' in '/home/kirill/workspace/githubfinder/app/javascript/packs'
 @ ./app/javascript/packs/application.js 9:0-17

ERROR in ./node_modules/bootstrap/dist/js/bootstrap.js
Module not found: Error: Can't resolve 'jquery' in '/home/kirill/workspace/githubfinder/node_modules/bootstrap/dist/js'
 @ ./node_modules/bootstrap/dist/js/bootstrap.js 9:133-150 9:221-272
 @ ./app/javascript/packs/application.js

ERROR in ./node_modules/bootstrap/dist/js/bootstrap.js
Module not found: Error: Can't resolve 'popper.js' in '/home/kirill/workspace/githubfinder/node_modules/bootstrap/dist/js'
 @ ./node_modules/bootstrap/dist/js/bootstrap.js 9:152-172 9:221-272
 @ ./app/javascript/packs/application.js

Completed 200 OK in 23261ms (Views: 23247.1ms | Allocations: 10264)


Started GET "/" for 127.0.0.1 at 2020-04-27 05:22:52 +0300
Processing by GithubController#index as HTML
  Rendering github/index.html.erb within layouts/application
  Rendered github/index.html.erb within layouts/application (Duration: 0.2ms | Allocations: 5)
[Webpacker] Compiling...
Started GET "/" for 127.0.0.1 at 2020-04-27 05:23:10 +0300
Processing by GithubController#index as HTML
  Rendering github/index.html.erb within layouts/application
  Rendered github/index.html.erb within layouts/application (Duration: 0.2ms | Allocations: 5)
[Webpacker] Compiling...
[Webpacker] Compilation failed:
Hash: e6d9bf42a1aafa046bc1
Version: webpack 4.43.0
Time: 14058ms
Built at: 2020-04-27 05:23:34
                                     Asset       Size       Chunks                         Chunk Names
    js/application-7691d14a9de68d81972c.js    221 KiB  application  [emitted] [immutable]  application
js/application-7691d14a9de68d81972c.js.map    256 KiB  application  [emitted] [dev]        application
                             manifest.json  364 bytes               [emitted]              
Entrypoint application = js/application-7691d14a9de68d81972c.js js/application-7691d14a9de68d81972c.js.map
[./app/javascript/packs/application.js] 728 bytes {application} [built]
[./node_modules/webpack/buildin/module.js] (webpack)/buildin/module.js 552 bytes {application} [built]
    + 3 hidden modules

ERROR in ./app/javascript/packs/application.js
Module not found: Error: Can't resolve 'jquery' in '/home/kirill/workspace/githubfinder/app/javascript/packs'
 @ ./app/javascript/packs/application.js 9:0-17

ERROR in ./node_modules/bootstrap/dist/js/bootstrap.js
Module not found: Error: Can't resolve 'jquery' in '/home/kirill/workspace/githubfinder/node_modules/bootstrap/dist/js'
 @ ./node_modules/bootstrap/dist/js/bootstrap.js 9:133-150 9:221-272
 @ ./app/javascript/packs/application.js

ERROR in ./node_modules/bootstrap/dist/js/bootstrap.js
Module not found: Error: Can't resolve 'popper.js' in '/home/kirill/workspace/githubfinder/node_modules/bootstrap/dist/js'
 @ ./node_modules/bootstrap/dist/js/bootstrap.js 9:152-172 9:221-272
 @ ./app/javascript/packs/application.js

[Webpacker] Compilation failed:
Hash: e6d9bf42a1aafa046bc1
Version: webpack 4.43.0
Time: 14106ms
Built at: 2020-04-27 05:23:34
                                     Asset       Size       Chunks                         Chunk Names
    js/application-7691d14a9de68d81972c.js    221 KiB  application  [emitted] [immutable]  application
js/application-7691d14a9de68d81972c.js.map    256 KiB  application  [emitted] [dev]        application
                             manifest.json  364 bytes               [emitted]              
Entrypoint application = js/application-7691d14a9de68d81972c.js js/application-7691d14a9de68d81972c.js.map
[./app/javascript/packs/application.js] 728 bytes {application} [built]
[./node_modules/webpack/buildin/module.js] (webpack)/buildin/module.js 552 bytes {application} [built]
    + 3 hidden modules

ERROR in ./app/javascript/packs/application.js
Module not found: Error: Can't resolve 'jquery' in '/home/kirill/workspace/githubfinder/app/javascript/packs'
 @ ./app/javascript/packs/application.js 9:0-17

ERROR in ./node_modules/bootstrap/dist/js/bootstrap.js
Module not found: Error: Can't resolve 'jquery' in '/home/kirill/workspace/githubfinder/node_modules/bootstrap/dist/js'
 @ ./node_modules/bootstrap/dist/js/bootstrap.js 9:133-150 9:221-272
 @ ./app/javascript/packs/application.js

ERROR in ./node_modules/bootstrap/dist/js/bootstrap.js
Module not found: Error: Can't resolve 'popper.js' in '/home/kirill/workspace/githubfinder/node_modules/bootstrap/dist/js'
 @ ./node_modules/bootstrap/dist/js/bootstrap.js 9:152-172 9:221-272
 @ ./app/javascript/packs/application.js

Completed 200 OK in 24804ms (Views: 24801.9ms | Allocations: 5117)


Completed 200 OK in 42786ms (Views: 42784.3ms | Allocations: 10950)


Started GET "/" for 127.0.0.1 at 2020-04-27 05:30:55 +0300
Processing by GithubController#index as HTML
  Rendering github/index.html.erb within layouts/application
  Rendered github/index.html.erb within layouts/application (Duration: 32.6ms | Allocations: 184)
[Webpacker] Compiling...
[Webpacker] Compilation failed:
Hash: 7dc5e6869b15e98e3868
Version: webpack 4.43.0
Time: 29162ms
Built at: 2020-04-27 05:31:35
                                          Asset       Size            Chunks                         Chunk Names
         js/application-bc04e735a81a6949abf9.js   1.09 MiB       application  [emitted] [immutable]  application
     js/application-bc04e735a81a6949abf9.js.map   1.16 MiB       application  [emitted] [dev]        application
    js/bootstrap_custom-ea87220765f7bab0644f.js    181 KiB  bootstrap_custom  [emitted] [immutable]  bootstrap_custom
js/bootstrap_custom-ea87220765f7bab0644f.js.map    196 KiB  bootstrap_custom  [emitted] [dev]        bootstrap_custom
                                  manifest.json  738 bytes                    [emitted]              
Entrypoint application = js/application-bc04e735a81a6949abf9.js js/application-bc04e735a81a6949abf9.js.map
Entrypoint bootstrap_custom = js/bootstrap_custom-ea87220765f7bab0644f.js js/bootstrap_custom-ea87220765f7bab0644f.js.map
[./app/javascript/packs/application.js] 799 bytes {application} [built]
[./app/javascript/packs/bootstrap_custom.js] 456 bytes {bootstrap_custom} {application} [built]
[./app/javascript/stylesheets/application.scss] 664 bytes {application} [built]
[./node_modules/css-loader/dist/cjs.js?!./node_modules/postcss-loader/src/index.js?!./node_modules/sass-loader/dist/cjs.js?!./app/javascript/stylesheets/application.scss] ./node_modules/css-loader/dist/cjs.js??ref--7-1!./node_modules/postcss-loader/src??ref--7-2!./node_modules/sass-loader/dist/cjs.js??ref--7-3!./app/javascript/stylesheets/application.scss 701 KiB {application} [built]
[./node_modules/webpack/buildin/module.js] (webpack)/buildin/module.js 552 bytes {application} [built]
    + 18 hidden modules

ERROR in ./app/javascript/packs/application.js
Module not found: Error: Can't resolve 'jquery' in '/home/kirill/workspace/githubfinder/app/javascript/packs'
 @ ./app/javascript/packs/application.js 9:0-17

ERROR in ./node_modules/@rails/ujs/lib/assets/compiled/rails-ujs.js
Module not found: Error: Can't resolve 'jquery' in '/home/kirill/workspace/githubfinder/node_modules/@rails/ujs/lib/assets/compiled'
 @ ./node_modules/@rails/ujs/lib/assets/compiled/rails-ujs.js 1:0-17
 @ ./app/javascript/packs/application.js

ERROR in ./node_modules/bootstrap/dist/js/bootstrap.js
Module not found: Error: Can't resolve 'jquery' in '/home/kirill/workspace/githubfinder/node_modules/bootstrap/dist/js'
 @ ./node_modules/bootstrap/dist/js/bootstrap.js 9:133-150 9:221-272
 @ ./app/javascript/packs/application.js

ERROR in ./node_modules/bootstrap/js/dist/popover.js
Module not found: Error: Can't resolve 'jquery' in '/home/kirill/workspace/githubfinder/node_modules/bootstrap/js/dist'
 @ ./node_modules/bootstrap/js/dist/popover.js 9:141-158 9:232-275
 @ ./app/javascript/packs/bootstrap_custom.js

ERROR in ./node_modules/bootstrap/js/dist/collapse.js
Module not found: Error: Can't resolve 'jquery' in '/home/kirill/workspace/githubfinder/node_modules/bootstrap/js/dist'
 @ ./node_modules/bootstrap/js/dist/collapse.js 9:141-158 9:229-269
 @ ./app/javascript/packs/bootstrap_custom.js

ERROR in ./node_modules/bootstrap/js/dist/modal.js
Module not found: Error: Can't resolve 'jquery' in '/home/kirill/workspace/githubfinder/node_modules/bootstrap/js/dist'
 @ ./node_modules/bootstrap/js/dist/modal.js 9:141-158 9:229-269
 @ ./app/javascript/packs/bootstrap_custom.js

ERROR in ./node_modules/bootstrap/js/dist/tab.js
Module not found: Error: Can't resolve 'jquery' in '/home/kirill/workspace/githubfinder/node_modules/bootstrap/js/dist'
 @ ./node_modules/bootstrap/js/dist/tab.js 9:141-158 9:229-269
 @ ./app/javascript/packs/bootstrap_custom.js

ERROR in ./node_modules/bootstrap/js/dist/util.js
Module not found: Error: Can't resolve 'jquery' in '/home/kirill/workspace/githubfinder/node_modules/bootstrap/js/dist'
 @ ./node_modules/bootstrap/js/dist/util.js 9:141-158 9:207-234
 @ ./app/javascript/packs/bootstrap_custom.js

ERROR in ./node_modules/bootstrap/js/dist/scrollspy.js
Module not found: Error: Can't resolve 'jquery' in '/home/kirill/workspace/githubfinder/node_modules/bootstrap/js/dist'
 @ ./node_modules/bootstrap/js/dist/scrollspy.js 9:141-158 9:229-269
 @ ./app/javascript/packs/bootstrap_custom.js

ERROR in ./node_modules/bootstrap/js/dist/dropdown.js
Module not found: Error: Can't resolve 'jquery' in '/home/kirill/workspace/githubfinder/node_modules/bootstrap/js/dist'
 @ ./node_modules/bootstrap/js/dist/dropdown.js 9:141-158 9:251-304
 @ ./app/javascript/packs/bootstrap_custom.js

ERROR in ./node_modules/bootstrap/js/dist/tooltip.js
Module not found: Error: Can't resolve 'jquery' in '/home/kirill/workspace/githubfinder/node_modules/bootstrap/js/dist'
 @ ./node_modules/bootstrap/js/dist/tooltip.js 9:141-158 9:251-304
 @ ./app/javascript/packs/bootstrap_custom.js

ERROR in ./node_modules/bootstrap/js/dist/button.js
Module not found: Error: Can't resolve 'jquery' in '/home/kirill/workspace/githubfinder/node_modules/bootstrap/js/dist'
 @ ./node_modules/bootstrap/js/dist/button.js 9:141-158 9:207-234
 @ ./app/javascript/packs/bootstrap_custom.js

ERROR in ./node_modules/bootstrap/js/dist/index.js
Module not found: Error: Can't resolve 'jquery' in '/home/kirill/workspace/githubfinder/node_modules/bootstrap/js/dist'
 @ ./node_modules/bootstrap/js/dist/index.js 1:0-17
 @ ./app/javascript/packs/bootstrap_custom.js

ERROR in ./node_modules/bootstrap/js/dist/alert.js
Module not found: Error: Can't resolve 'jquery' in '/home/kirill/workspace/githubfinder/node_modules/bootstrap/js/dist'
 @ ./node_modules/bootstrap/js/dist/alert.js 9:141-158 9:229-269
 @ ./app/javascript/packs/bootstrap_custom.js

ERROR in ./node_modules/bootstrap/js/dist/carousel.js
Module not found: Error: Can't resolve 'jquery' in '/home/kirill/workspace/githubfinder/node_modules/bootstrap/js/dist'
 @ ./node_modules/bootstrap/js/dist/carousel.js 9:141-158 9:229-269
 @ ./app/javascript/packs/bootstrap_custom.js

ERROR in ./node_modules/bootstrap/js/dist/toast.js
Module not found: Error: Can't resolve 'jquery' in '/home/kirill/workspace/githubfinder/node_modules/bootstrap/js/dist'
 @ ./node_modules/bootstrap/js/dist/toast.js 9:141-158 9:229-269
 @ ./app/javascript/packs/bootstrap_custom.js

ERROR in ./node_modules/bootstrap/dist/js/bootstrap.js
Module not found: Error: Can't resolve 'popper.js' in '/home/kirill/workspace/githubfinder/node_modules/bootstrap/dist/js'
 @ ./node_modules/bootstrap/dist/js/bootstrap.js 9:152-172 9:221-272
 @ ./app/javascript/packs/application.js

ERROR in ./node_modules/bootstrap/js/dist/dropdown.js
Module not found: Error: Can't resolve 'popper.js' in '/home/kirill/workspace/githubfinder/node_modules/bootstrap/js/dist'
 @ ./node_modules/bootstrap/js/dist/dropdown.js 9:160-180 9:251-304
 @ ./app/javascript/packs/bootstrap_custom.js

ERROR in ./node_modules/bootstrap/js/dist/tooltip.js
Module not found: Error: Can't resolve 'popper.js' in '/home/kirill/workspace/githubfinder/node_modules/bootstrap/js/dist'
 @ ./node_modules/bootstrap/js/dist/tooltip.js 9:160-180 9:251-304
 @ ./app/javascript/packs/bootstrap_custom.js

Completed 200 OK in 40183ms (Views: 40160.4ms | Allocations: 7707)


